Apr-27 20:56:58.222 [main] DEBUG nextflow.cli.Launcher - $> nextflow main.nf --vcf input_data/elegans/genotypes/WI.20180527.impute.vcf.gz
Apr-27 20:56:58.373 [main] INFO  nextflow.cli.CmdRun - N E X T F L O W  ~  version 19.07.0
Apr-27 20:56:58.386 [main] INFO  nextflow.cli.CmdRun - Launching `main.nf` [serene_murdock] - revision: f81308311b
Apr-27 20:56:58.396 [main] DEBUG nextflow.config.ConfigBuilder - Found config home: /home/szs315/.nextflow/config
Apr-27 20:56:58.399 [main] DEBUG nextflow.config.ConfigBuilder - Found config local: /projects/b1059/projects/Stefan/NemaScan/nextflow.config
Apr-27 20:56:58.399 [main] DEBUG nextflow.config.ConfigBuilder - Parsing config file: /home/szs315/.nextflow/config
Apr-27 20:56:58.400 [main] DEBUG nextflow.config.ConfigBuilder - Parsing config file: /projects/b1059/projects/Stefan/NemaScan/nextflow.config
Apr-27 20:56:58.430 [main] DEBUG nextflow.config.ConfigBuilder - Applying config profile: `standard`
Apr-27 20:56:58.907 [main] DEBUG nextflow.config.ConfigBuilder - Applying config profile: `standard`
Apr-27 20:56:59.002 [main] DEBUG nextflow.Session - Session uuid: c6105b8e-968c-4699-8165-1a85ce64c79f
Apr-27 20:56:59.003 [main] DEBUG nextflow.Session - Run name: serene_murdock
Apr-27 20:56:59.003 [main] DEBUG nextflow.Session - Executor pool size: 28
Apr-27 20:56:59.015 [main] DEBUG nextflow.cli.CmdRun - 
  Version: 19.07.0 build 5106
  Created: 27-07-2019 13:22 UTC (08:22 CDT)
  System: Linux 3.10.0-862.el7.x86_64
  Runtime: Groovy 2.5.6 on OpenJDK 64-Bit Server VM 1.8.0_242-b08
  Encoding: UTF-8 (UTF-8)
  Process: 32503@quser22 [172.20.4.22]
  CPUs: 28 - Mem: 124.1 GB (8.2 GB) - Swap: 0 (0)
Apr-27 20:56:59.044 [main] DEBUG nextflow.Session - Work-dir: /projects/b1042/AndersenLab/work/stefan [gpfs]
Apr-27 20:56:59.226 [main] DEBUG nextflow.Session - Session start invoked
Apr-27 20:56:59.923 [main] DEBUG nextflow.script.ScriptRunner - > Launching execution
Apr-27 20:57:00.099 [main] INFO  nextflow.Nextflow -                     


O~~~     O~~                                   O~~ ~~                            
O~ O~~   O~~                                 O~~    O~~                          
O~~ O~~  O~~   O~~    O~~~ O~~ O~~    O~~     O~~         O~~~   O~~    O~~ O~~  
O~~  O~~ O~~ O~   O~~  O~~  O~  O~~ O~~  O~~    O~~     O~~    O~~  O~~  O~~  O~~
O~~   O~ O~~O~~~~~ O~~ O~~  O~  O~~O~~   O~~       O~~ O~~    O~~   O~~  O~~  O~~
O~~    O~ ~~O~         O~~  O~  O~~O~~   O~~ O~~    O~~ O~~   O~~   O~~  O~~  O~~
O~~      O~~  O~~~~   O~~~  O~  O~~  O~~ O~~~  O~~ ~~     O~~~  O~~ O~~~O~~~  O~~
                                                                                    


    
Apr-27 20:57:00.100 [main] INFO  nextflow.Nextflow - 
Apr-27 20:57:00.102 [main] WARN  nextflow.script.ScriptBinding - Access to undefined parameter `traitdir` -- Initialise it to a default value eg. `params.traitdir = some_value`
Apr-27 20:57:00.102 [main] INFO  nextflow.Nextflow - Phenotype Directory                     = null
Apr-27 20:57:00.102 [main] INFO  nextflow.Nextflow - VCF                                     = input_data/elegans/genotypes/WI.20180527.impute.vcf.gz
Apr-27 20:57:00.102 [main] INFO  nextflow.Nextflow - CeNDR Release                           = 20180527
Apr-27 20:57:00.103 [main] INFO  nextflow.Nextflow - P3D                                     = null
Apr-27 20:57:00.103 [main] INFO  nextflow.Nextflow - Significance Threshold                  = null
Apr-27 20:57:00.103 [main] INFO  nextflow.Nextflow - Max AF for Burden Mapping               = 0.05
Apr-27 20:57:00.103 [main] INFO  nextflow.Nextflow - Min Strains with Variant for Burden     = 2
Apr-27 20:57:00.103 [main] INFO  nextflow.Nextflow - Significance Threshold                  = null
Apr-27 20:57:00.103 [main] WARN  nextflow.script.ScriptBinding - Access to undefined parameter `genes` -- Initialise it to a default value eg. `params.genes = some_value`
Apr-27 20:57:00.104 [main] INFO  nextflow.Nextflow - Gene File                               = null
Apr-27 20:57:00.107 [main] INFO  nextflow.Nextflow - Result Directory                        = Analysis_Results-20200427
Apr-27 20:57:00.108 [main] INFO  nextflow.Nextflow - Eigen Memory allocation                 = 100 GB
Apr-27 20:57:00.108 [main] INFO  nextflow.Nextflow - 
Apr-27 20:57:00.109 [main] DEBUG nextflow.script.ScriptRunner - > Await termination 
Apr-27 20:57:00.109 [main] DEBUG nextflow.Session - Session await
Apr-27 20:57:00.109 [main] DEBUG nextflow.Session - Session await > all process finished
Apr-27 20:57:00.110 [main] DEBUG nextflow.Session - Session await > all barriers passed
Apr-27 20:57:00.116 [main] DEBUG nextflow.trace.StatsObserver - Workflow completed > WorkflowStats[succeedCount=0; failedCount=0; ignoredCount=0; cachedCount=0; succeedDuration=0ms; failedDuration=0ms; cachedDuration=0ms]
Apr-27 20:57:00.117 [main] DEBUG nextflow.trace.ReportObserver - Flow completing -- rendering html report
Apr-27 20:57:00.124 [main] DEBUG nextflow.trace.ReportObserver - Execution report summary data:
  {}
Apr-27 20:57:01.299 [main] DEBUG nextflow.CacheDB - Closing CacheDB done
Apr-27 20:57:01.327 [main] DEBUG nextflow.script.ScriptRunner - > Execution complete -- Goodbye
